# JRE version: OpenJDK Runtime Environment (24.0+36) (build 24+36-3646)
# Java VM: OpenJDK 64-Bit Server VM (24+36-3646, mixed mode, emulated-client, sharing, tiered, compressed oops, compressed class ptrs, g1 gc, windows-amd64)
GC Precious Log:
 CardTable entry size: 512
 Card Set container configuration: InlinePtr #cards 4 size 8 Array Of Cards #cards 16 size 48 Howl #buckets 8 coarsen threshold 3686 Howl Bitmap #cards 512 size 80 coarsen threshold 460 Card regions per heap region 1 cards per card region 4096
 CPUs: 16 total, 16 available
 Memory: 16144M
 Large Page Support: Disabled
 NUMA Support: Disabled
 Compressed Oops: Enabled (Zero based)
 Heap Region Size: 2M
 Heap Min Capacity: 8M
 Heap Initial Capacity: 254M
 Heap Max Capacity: 4038M
 Pre-touch: Disabled
 Parallel Workers: 13
 Concurrent Workers: 3
 Concurrent Refinement Workers: 13
 Periodic GC: Disabled
Heap:
 garbage-first heap   total reserved 4134912K, committed 98304K, used 54125K [0x0000000703a00000, 0x0000000800000000)
  region size 2048K, 9 young (18432K), 2 survivors (4096K)
 Metaspace       used 82836K, committed 83584K, reserved 1179648K
  class space    used 9566K, committed 9856K, reserved 1048576K
GC Heap History (20 events):
Event: 3.464 GC heap before
{Heap before GC invocations=9 (full 0):
 garbage-first heap   total reserved 4134912K, committed 67584K, used 54438K [0x0000000703a00000, 0x0000000800000000)
  region size 2048K, 17 young (34816K), 2 survivors (4096K)
 Metaspace       used 40446K, committed 40896K, reserved 1114112K
  class space    used 4324K, committed 4480K, reserved 1048576K
}
Event: 3.468 GC heap after
{Heap after GC invocations=10 (full 0):
 garbage-first heap   total reserved 4134912K, committed 81920K, used 25628K [0x0000000703a00000, 0x0000000800000000)
  region size 2048K, 3 young (6144K), 3 survivors (6144K)
 Metaspace       used 40446K, committed 40896K, reserved 1114112K
  class space    used 4324K, committed 4480K, reserved 1048576K
}
Event: 4.070 GC heap before
{Heap before GC invocations=10 (full 0):
 garbage-first heap   total reserved 4134912K, committed 81920K, used 62492K [0x0000000703a00000, 0x0000000800000000)
  region size 2048K, 22 young (45056K), 3 survivors (6144K)
 Metaspace       used 49421K, committed 49920K, reserved 1114112K
  class space    used 5278K, committed 5504K, reserved 1048576K
}
Event: 4.075 GC heap after
{Heap after GC invocations=11 (full 0):
 garbage-first heap   total reserved 4134912K, committed 81920K, used 27859K [0x0000000703a00000, 0x0000000800000000)
  region size 2048K, 3 young (6144K), 3 survivors (6144K)
 Metaspace       used 49421K, committed 49920K, reserved 1114112K
  class space    used 5278K, committed 5504K, reserved 1048576K
}
Event: 4.516 GC heap before
{Heap before GC invocations=11 (full 0):
 garbage-first heap   total reserved 4134912K, committed 81920K, used 54483K [0x0000000703a00000, 0x0000000800000000)
  region size 2048K, 18 young (36864K), 3 survivors (6144K)
 Metaspace       used 56807K, committed 57216K, reserved 1114112K
  class space    used 6024K, committed 6208K, reserved 1048576K
}
Event: 4.520 GC heap after
{Heap after GC invocations=12 (full 0):
 garbage-first heap   total reserved 4134912K, committed 81920K, used 29590K [0x0000000703a00000, 0x0000000800000000)
  region size 2048K, 3 young (6144K), 3 survivors (6144K)
 Metaspace       used 56807K, committed 57216K, reserved 1114112K
  class space    used 6024K, committed 6208K, reserved 1048576K
}
Event: 5.174 GC heap before
{Heap before GC invocations=13 (full 0):
 garbage-first heap   total reserved 4134912K, committed 81920K, used 68502K [0x0000000703a00000, 0x0000000800000000)
  region size 2048K, 22 young (45056K), 3 survivors (6144K)
 Metaspace       used 64489K, committed 65024K, reserved 1114112K
  class space    used 6898K, committed 7104K, reserved 1048576K
}
Event: 5.179 GC heap after
{Heap after GC invocations=14 (full 0):
 garbage-first heap   total reserved 4134912K, committed 81920K, used 31531K [0x0000000703a00000, 0x0000000800000000)
  region size 2048K, 2 young (4096K), 2 survivors (4096K)
 Metaspace       used 64489K, committed 65024K, reserved 1114112K
  class space    used 6898K, committed 7104K, reserved 1048576K
}
Event: 5.620 GC heap before
{Heap before GC invocations=14 (full 0):
 garbage-first heap   total reserved 4134912K, committed 81920K, used 70443K [0x0000000703a00000, 0x0000000800000000)
  region size 2048K, 21 young (43008K), 2 survivors (4096K)
 Metaspace       used 69022K, committed 69568K, reserved 1114112K
  class space    used 7592K, committed 7808K, reserved 1048576K
}
Event: 5.625 GC heap after
{Heap after GC invocations=15 (full 0):
 garbage-first heap   total reserved 4134912K, committed 81920K, used 33261K [0x0000000703a00000, 0x0000000800000000)
  region size 2048K, 3 young (6144K), 3 survivors (6144K)
 Metaspace       used 69022K, committed 69568K, reserved 1114112K
  class space    used 7592K, committed 7808K, reserved 1048576K
}
Event: 5.826 GC heap before
{Heap before GC invocations=15 (full 0):
 garbage-first heap   total reserved 4134912K, committed 81920K, used 68077K [0x0000000703a00000, 0x0000000800000000)
  region size 2048K, 20 young (40960K), 3 survivors (6144K)
 Metaspace       used 71055K, committed 71616K, reserved 1114112K
  class space    used 7980K, committed 8192K, reserved 1048576K
}
Event: 5.830 GC heap after
{Heap after GC invocations=16 (full 0):
 garbage-first heap   total reserved 4134912K, committed 81920K, used 35181K [0x0000000703a00000, 0x0000000800000000)
  region size 2048K, 3 young (6144K), 3 survivors (6144K)
 Metaspace       used 71055K, committed 71616K, reserved 1114112K
  class space    used 7980K, committed 8192K, reserved 1048576K
}
Event: 6.229 GC heap before
{Heap before GC invocations=16 (full 0):
 garbage-first heap   total reserved 4134912K, committed 81920K, used 69997K [0x0000000703a00000, 0x0000000800000000)
  region size 2048K, 20 young (40960K), 3 survivors (6144K)
 Metaspace       used 75682K, committed 76224K, reserved 1179648K
  class space    used 8567K, committed 8768K, reserved 1048576K
}
Event: 6.233 GC heap after
{Heap after GC invocations=17 (full 0):
 garbage-first heap   total reserved 4134912K, committed 81920K, used 36710K [0x0000000703a00000, 0x0000000800000000)
  region size 2048K, 2 young (4096K), 2 survivors (4096K)
 Metaspace       used 75682K, committed 76224K, reserved 1179648K
  class space    used 8567K, committed 8768K, reserved 1048576K
}
Event: 6.595 GC heap before
{Heap before GC invocations=17 (full 0):
 garbage-first heap   total reserved 4134912K, committed 81920K, used 71526K [0x0000000703a00000, 0x0000000800000000)
  region size 2048K, 19 young (38912K), 2 survivors (4096K)
 Metaspace       used 77678K, committed 78272K, reserved 1179648K
  class space    used 8801K, committed 9088K, reserved 1048576K
}
Event: 6.601 GC heap after
{Heap after GC invocations=18 (full 0):
 garbage-first heap   total reserved 4134912K, committed 81920K, used 39402K [0x0000000703a00000, 0x0000000800000000)
  region size 2048K, 3 young (6144K), 3 survivors (6144K)
 Metaspace       used 77678K, committed 78272K, reserved 1179648K
  class space    used 8801K, committed 9088K, reserved 1048576K
}
Event: 6.927 GC heap before
{Heap before GC invocations=19 (full 0):
 garbage-first heap   total reserved 4134912K, committed 81920K, used 70122K [0x0000000703a00000, 0x0000000800000000)
  region size 2048K, 18 young (36864K), 3 survivors (6144K)
 Metaspace       used 78551K, committed 79232K, reserved 1179648K
  class space    used 8995K, committed 9280K, reserved 1048576K
}
Event: 6.932 GC heap after
{Heap after GC invocations=20 (full 0):
 garbage-first heap   total reserved 4134912K, committed 81920K, used 41271K [0x0000000703a00000, 0x0000000800000000)
  region size 2048K, 3 young (6144K), 3 survivors (6144K)
 Metaspace       used 78551K, committed 79232K, reserved 1179648K
  class space    used 8995K, committed 9280K, reserved 1048576K
}
Event: 7.503 GC heap before
{Heap before GC invocations=20 (full 0):
 garbage-first heap   total reserved 4134912K, committed 81920K, used 69943K [0x0000000703a00000, 0x0000000800000000)
  region size 2048K, 17 young (34816K), 3 survivors (6144K)
 Metaspace       used 80679K, committed 81344K, reserved 1179648K
  class space    used 9306K, committed 9600K, reserved 1048576K
}
Event: 7.510 GC heap after
{Heap after GC invocations=21 (full 0):
 garbage-first heap   total reserved 4134912K, committed 98304K, used 41837K [0x0000000703a00000, 0x0000000800000000)
  region size 2048K, 2 young (4096K), 2 survivors (4096K)
 Metaspace       used 80679K, committed 81344K, reserved 1179648K
  class space    used 9306K, committed 9600K, reserved 1048576K
}

